<?xml version="1.0" encoding="UTF-8"?>
<robot generator="Robot 6.1.1 (Python 3.12.0 on win32)" generated="20231125 13:45:36.677" rpa="false" schemaversion="4">
<suite id="s1" name="Login" source="C:\Projetos\QAx\appium-qax\yodapp-robot\tests\login.robot">
<test id="s1-t1" name="Deve logar com sucesso" line="7">
<kw name="Start session" library="base">
<kw name="Open Application" library="AppiumLibrary">
<arg>http://localhost:4723</arg>
<arg>platformName=Android</arg>
<arg>deviceName=Android Emulator</arg>
<arg>automationName=UIAutomator2</arg>
<arg>app=${EXECDIR}/app/yodapp-beta.apk</arg>
<arg>udid=emulator-5554</arg>
<arg>autoGrantPermissions=true</arg>
<doc>Opens a new application to given Appium server.
Capabilities of appium server, Android and iOS,
Please check https://github.com/appium/appium/blob/master/docs/en/writing-running-appium/server-args.md
| *Option*            | *Man.* | *Description*     |
| remote_url          | Yes    | Appium server url |
| alias               | no     | alias             |
| strict_ssl          | No     | allows you to send commands to an invalid certificate host like a self-signed one. |</doc>
<status status="PASS" starttime="20231125 13:45:36.982" endtime="20231125 13:45:45.589"/>
</kw>
<status status="PASS" starttime="20231125 13:45:36.981" endtime="20231125 13:45:45.589"/>
</kw>
<kw name="Get started" library="base">
<kw name="Wait Until Page Contains" library="AppiumLibrary">
<arg>${START}</arg>
<arg>10</arg>
<doc>Waits until `text` appears on current page.</doc>
<status status="PASS" starttime="20231125 13:45:45.590" endtime="20231125 13:45:50.791"/>
</kw>
<kw name="Click Text" library="AppiumLibrary">
<arg>${START}</arg>
<arg>5</arg>
<doc>Click text identified by ``text``.</doc>
<msg timestamp="20231125 13:45:51.741" level="INFO">xpath criteria: //*[@text="QAX"]</msg>
<status status="PASS" starttime="20231125 13:45:50.791" endtime="20231125 13:45:51.741"/>
</kw>
<status status="PASS" starttime="20231125 13:45:45.589" endtime="20231125 13:45:51.741"/>
</kw>
<kw name="Navigate to" library="base">
<arg>Formulários</arg>
<kw name="Set Variable" library="BuiltIn">
<var>${hamburger}</var>
<arg>xpath=//android.widget.ImageButton[@content-desc="Open navigation drawer"]</arg>
<doc>Returns the given values which can then be assigned to a variables.</doc>
<msg timestamp="20231125 13:45:51.742" level="INFO">${hamburger} = xpath=//android.widget.ImageButton[@content-desc="Open navigation drawer"]</msg>
<status status="PASS" starttime="20231125 13:45:51.742" endtime="20231125 13:45:51.742"/>
</kw>
<kw name="Wait Until Element Is Visible" library="AppiumLibrary">
<arg>${hamburger}</arg>
<arg>5</arg>
<doc>Waits until element specified with `locator` is visible.</doc>
<msg timestamp="20231125 13:45:53.097" level="INFO">xpath criteria: //android.widget.ImageButton[@content-desc="Open navigation drawer"]
xpath criteria: //android.widget.ImageButton[@content-desc="Open navigation drawer"]</msg>
<status status="PASS" starttime="20231125 13:45:51.742" endtime="20231125 13:45:53.097"/>
</kw>
<kw name="Click Element" library="AppiumLibrary">
<arg>${hamburger}</arg>
<doc>Click element identified by `locator`.</doc>
<msg timestamp="20231125 13:45:53.100" level="INFO">Clicking element 'xpath=//android.widget.ImageButton[@content-desc="Open navigation drawer"]'.</msg>
<msg timestamp="20231125 13:45:53.282" level="INFO">xpath criteria: //android.widget.ImageButton[@content-desc="Open navigation drawer"]</msg>
<status status="PASS" starttime="20231125 13:45:53.097" endtime="20231125 13:45:53.282"/>
</kw>
<kw name="Set Variable" library="BuiltIn">
<var>${menu_item}</var>
<arg>xpath=//*[@resource-id="com.qaxperience.yodapp:id/navView"]//*[@text="${item_text}"]</arg>
<doc>Returns the given values which can then be assigned to a variables.</doc>
<msg timestamp="20231125 13:45:53.283" level="INFO">${menu_item} = xpath=//*[@resource-id="com.qaxperience.yodapp:id/navView"]//*[@text="Formulários"]</msg>
<status status="PASS" starttime="20231125 13:45:53.282" endtime="20231125 13:45:53.283"/>
</kw>
<kw name="Wait Until Element Is Visible" library="AppiumLibrary">
<arg>${menu_item}</arg>
<arg>5</arg>
<doc>Waits until element specified with `locator` is visible.</doc>
<msg timestamp="20231125 13:45:54.247" level="INFO">xpath criteria: //*[@resource-id="com.qaxperience.yodapp:id/navView"]//*[@text="Formulários"]</msg>
<status status="PASS" starttime="20231125 13:45:53.283" endtime="20231125 13:45:54.247"/>
</kw>
<kw name="Click Element" library="AppiumLibrary">
<arg>${menu_item}</arg>
<doc>Click element identified by `locator`.</doc>
<msg timestamp="20231125 13:45:54.250" level="INFO">Clicking element 'xpath=//*[@resource-id="com.qaxperience.yodapp:id/navView"]//*[@text="Formulários"]'.</msg>
<msg timestamp="20231125 13:45:54.506" level="INFO">xpath criteria: //*[@resource-id="com.qaxperience.yodapp:id/navView"]//*[@text="Formulários"]</msg>
<status status="PASS" starttime="20231125 13:45:54.249" endtime="20231125 13:45:54.506"/>
</kw>
<status status="PASS" starttime="20231125 13:45:51.742" endtime="20231125 13:45:54.506"/>
</kw>
<kw name="Go to item" library="base">
<arg>Login</arg>
<arg>Olá Padawan, vamos testar o login?</arg>
<kw name="Wait Until Page Contains" library="AppiumLibrary">
<arg>${item}</arg>
<arg>5</arg>
<doc>Waits until `text` appears on current page.</doc>
<status status="PASS" starttime="20231125 13:45:54.507" endtime="20231125 13:45:55.531"/>
</kw>
<kw name="Click Text" library="AppiumLibrary">
<arg>${item}</arg>
<doc>Click text identified by ``text``.</doc>
<msg timestamp="20231125 13:45:55.714" level="INFO">xpath criteria: //*[contains(@text,"Login")]</msg>
<status status="PASS" starttime="20231125 13:45:55.531" endtime="20231125 13:45:55.715"/>
</kw>
<kw name="Wait Until Page Contains" library="AppiumLibrary">
<arg>${checkpoint}</arg>
<doc>Waits until `text` appears on current page.</doc>
<status status="PASS" starttime="20231125 13:45:55.715" endtime="20231125 13:45:57.192"/>
</kw>
<status status="PASS" starttime="20231125 13:45:54.507" endtime="20231125 13:45:57.192"/>
</kw>
<kw name="Input Text" library="AppiumLibrary">
<arg>id=com.qaxperience.yodapp:id/etEmail</arg>
<arg>yoda@qax.com</arg>
<doc>Types the given `text` into text field identified by `locator`.</doc>
<msg timestamp="20231125 13:45:57.194" level="INFO">Typing text 'yoda@qax.com' into text field 'id=com.qaxperience.yodapp:id/etEmail'</msg>
<msg timestamp="20231125 13:45:57.858" level="INFO">criteria is com.qaxperience.yodapp:id/etEmail</msg>
<status status="PASS" starttime="20231125 13:45:57.193" endtime="20231125 13:45:57.858"/>
</kw>
<kw name="Input Text" library="AppiumLibrary">
<arg>id=com.qaxperience.yodapp:id/etPassword</arg>
<arg>jedi</arg>
<doc>Types the given `text` into text field identified by `locator`.</doc>
<msg timestamp="20231125 13:45:57.860" level="INFO">Typing text 'jedi' into text field 'id=com.qaxperience.yodapp:id/etPassword'</msg>
<msg timestamp="20231125 13:45:58.929" level="INFO">criteria is com.qaxperience.yodapp:id/etPassword</msg>
<status status="PASS" starttime="20231125 13:45:57.859" endtime="20231125 13:45:58.929"/>
</kw>
<kw name="Click Element" library="AppiumLibrary">
<arg>id=com.qaxperience.yodapp:id/btnSubmit</arg>
<doc>Click element identified by `locator`.</doc>
<msg timestamp="20231125 13:45:58.932" level="INFO">Clicking element 'id=com.qaxperience.yodapp:id/btnSubmit'.</msg>
<msg timestamp="20231125 13:45:59.550" level="INFO">criteria is com.qaxperience.yodapp:id/btnSubmit</msg>
<status status="PASS" starttime="20231125 13:45:58.930" endtime="20231125 13:45:59.552"/>
</kw>
<kw name="Wait Until Page Contains" library="AppiumLibrary">
<arg>Boas vindas, logado você está.</arg>
<doc>Waits until `text` appears on current page.</doc>
<status status="PASS" starttime="20231125 13:45:59.553" endtime="20231125 13:46:00.158"/>
</kw>
<kw name="Close session" library="base">
<kw name="Close Application" library="AppiumLibrary">
<doc>Closes the current application and also close webdriver session.</doc>
<status status="PASS" starttime="20231125 13:46:00.159" endtime="20231125 13:46:00.616"/>
</kw>
<status status="PASS" starttime="20231125 13:46:00.159" endtime="20231125 13:46:00.616"/>
</kw>
<status status="PASS" starttime="20231125 13:45:36.981" endtime="20231125 13:46:00.617"/>
</test>
<test id="s1-t2" name="Não deve logar com a senha incorreta" line="22">
<kw name="Start session" library="base">
<kw name="Open Application" library="AppiumLibrary">
<arg>http://localhost:4723</arg>
<arg>platformName=Android</arg>
<arg>deviceName=Android Emulator</arg>
<arg>automationName=UIAutomator2</arg>
<arg>app=${EXECDIR}/app/yodapp-beta.apk</arg>
<arg>udid=emulator-5554</arg>
<arg>autoGrantPermissions=true</arg>
<doc>Opens a new application to given Appium server.
Capabilities of appium server, Android and iOS,
Please check https://github.com/appium/appium/blob/master/docs/en/writing-running-appium/server-args.md
| *Option*            | *Man.* | *Description*     |
| remote_url          | Yes    | Appium server url |
| alias               | no     | alias             |
| strict_ssl          | No     | allows you to send commands to an invalid certificate host like a self-signed one. |</doc>
<status status="PASS" starttime="20231125 13:46:00.620" endtime="20231125 13:46:09.004"/>
</kw>
<status status="PASS" starttime="20231125 13:46:00.620" endtime="20231125 13:46:09.005"/>
</kw>
<kw name="Get started" library="base">
<kw name="Wait Until Page Contains" library="AppiumLibrary">
<arg>${START}</arg>
<arg>10</arg>
<doc>Waits until `text` appears on current page.</doc>
<status status="PASS" starttime="20231125 13:46:09.005" endtime="20231125 13:46:14.327"/>
</kw>
<kw name="Click Text" library="AppiumLibrary">
<arg>${START}</arg>
<arg>5</arg>
<doc>Click text identified by ``text``.</doc>
<msg timestamp="20231125 13:46:15.221" level="INFO">xpath criteria: //*[@text="QAX"]</msg>
<status status="PASS" starttime="20231125 13:46:14.327" endtime="20231125 13:46:15.221"/>
</kw>
<status status="PASS" starttime="20231125 13:46:09.005" endtime="20231125 13:46:15.221"/>
</kw>
<kw name="Navigate to" library="base">
<arg>Formulários</arg>
<kw name="Set Variable" library="BuiltIn">
<var>${hamburger}</var>
<arg>xpath=//android.widget.ImageButton[@content-desc="Open navigation drawer"]</arg>
<doc>Returns the given values which can then be assigned to a variables.</doc>
<msg timestamp="20231125 13:46:15.223" level="INFO">${hamburger} = xpath=//android.widget.ImageButton[@content-desc="Open navigation drawer"]</msg>
<status status="PASS" starttime="20231125 13:46:15.222" endtime="20231125 13:46:15.223"/>
</kw>
<kw name="Wait Until Element Is Visible" library="AppiumLibrary">
<arg>${hamburger}</arg>
<arg>5</arg>
<doc>Waits until element specified with `locator` is visible.</doc>
<msg timestamp="20231125 13:46:16.516" level="INFO">xpath criteria: //android.widget.ImageButton[@content-desc="Open navigation drawer"]
xpath criteria: //android.widget.ImageButton[@content-desc="Open navigation drawer"]</msg>
<status status="PASS" starttime="20231125 13:46:15.223" endtime="20231125 13:46:16.516"/>
</kw>
<kw name="Click Element" library="AppiumLibrary">
<arg>${hamburger}</arg>
<doc>Click element identified by `locator`.</doc>
<msg timestamp="20231125 13:46:16.517" level="INFO">Clicking element 'xpath=//android.widget.ImageButton[@content-desc="Open navigation drawer"]'.</msg>
<msg timestamp="20231125 13:46:16.704" level="INFO">xpath criteria: //android.widget.ImageButton[@content-desc="Open navigation drawer"]</msg>
<status status="PASS" starttime="20231125 13:46:16.516" endtime="20231125 13:46:16.704"/>
</kw>
<kw name="Set Variable" library="BuiltIn">
<var>${menu_item}</var>
<arg>xpath=//*[@resource-id="com.qaxperience.yodapp:id/navView"]//*[@text="${item_text}"]</arg>
<doc>Returns the given values which can then be assigned to a variables.</doc>
<msg timestamp="20231125 13:46:16.705" level="INFO">${menu_item} = xpath=//*[@resource-id="com.qaxperience.yodapp:id/navView"]//*[@text="Formulários"]</msg>
<status status="PASS" starttime="20231125 13:46:16.704" endtime="20231125 13:46:16.705"/>
</kw>
<kw name="Wait Until Element Is Visible" library="AppiumLibrary">
<arg>${menu_item}</arg>
<arg>5</arg>
<doc>Waits until element specified with `locator` is visible.</doc>
<msg timestamp="20231125 13:46:17.662" level="INFO">xpath criteria: //*[@resource-id="com.qaxperience.yodapp:id/navView"]//*[@text="Formulários"]</msg>
<status status="PASS" starttime="20231125 13:46:16.705" endtime="20231125 13:46:17.662"/>
</kw>
<kw name="Click Element" library="AppiumLibrary">
<arg>${menu_item}</arg>
<doc>Click element identified by `locator`.</doc>
<msg timestamp="20231125 13:46:17.665" level="INFO">Clicking element 'xpath=//*[@resource-id="com.qaxperience.yodapp:id/navView"]//*[@text="Formulários"]'.</msg>
<msg timestamp="20231125 13:46:17.939" level="INFO">xpath criteria: //*[@resource-id="com.qaxperience.yodapp:id/navView"]//*[@text="Formulários"]</msg>
<status status="PASS" starttime="20231125 13:46:17.662" endtime="20231125 13:46:17.939"/>
</kw>
<status status="PASS" starttime="20231125 13:46:15.222" endtime="20231125 13:46:17.939"/>
</kw>
<kw name="Go to item" library="base">
<arg>Login</arg>
<arg>Olá Padawan, vamos testar o login?</arg>
<kw name="Wait Until Page Contains" library="AppiumLibrary">
<arg>${item}</arg>
<arg>5</arg>
<doc>Waits until `text` appears on current page.</doc>
<status status="PASS" starttime="20231125 13:46:17.940" endtime="20231125 13:46:18.556"/>
</kw>
<kw name="Click Text" library="AppiumLibrary">
<arg>${item}</arg>
<doc>Click text identified by ``text``.</doc>
<msg timestamp="20231125 13:46:20.521" level="INFO">xpath criteria: //*[contains(@text,"Login")]</msg>
<status status="PASS" starttime="20231125 13:46:18.556" endtime="20231125 13:46:20.521"/>
</kw>
<kw name="Wait Until Page Contains" library="AppiumLibrary">
<arg>${checkpoint}</arg>
<doc>Waits until `text` appears on current page.</doc>
<status status="PASS" starttime="20231125 13:46:20.521" endtime="20231125 13:46:20.630"/>
</kw>
<status status="PASS" starttime="20231125 13:46:17.939" endtime="20231125 13:46:20.630"/>
</kw>
<kw name="Input Text" library="AppiumLibrary">
<arg>id=com.qaxperience.yodapp:id/etEmail</arg>
<arg>yoda@qax.com</arg>
<doc>Types the given `text` into text field identified by `locator`.</doc>
<msg timestamp="20231125 13:46:20.632" level="INFO">Typing text 'yoda@qax.com' into text field 'id=com.qaxperience.yodapp:id/etEmail'</msg>
<msg timestamp="20231125 13:46:20.779" level="INFO">criteria is com.qaxperience.yodapp:id/etEmail</msg>
<status status="PASS" starttime="20231125 13:46:20.631" endtime="20231125 13:46:20.780"/>
</kw>
<kw name="Input Text" library="AppiumLibrary">
<arg>id=com.qaxperience.yodapp:id/etPassword</arg>
<arg>sethi</arg>
<doc>Types the given `text` into text field identified by `locator`.</doc>
<msg timestamp="20231125 13:46:20.781" level="INFO">Typing text 'sethi' into text field 'id=com.qaxperience.yodapp:id/etPassword'</msg>
<msg timestamp="20231125 13:46:21.861" level="INFO">criteria is com.qaxperience.yodapp:id/etPassword</msg>
<status status="PASS" starttime="20231125 13:46:20.780" endtime="20231125 13:46:21.861"/>
</kw>
<kw name="Click Element" library="AppiumLibrary">
<arg>id=com.qaxperience.yodapp:id/btnSubmit</arg>
<doc>Click element identified by `locator`.</doc>
<msg timestamp="20231125 13:46:21.863" level="INFO">Clicking element 'id=com.qaxperience.yodapp:id/btnSubmit'.</msg>
<msg timestamp="20231125 13:46:22.459" level="INFO">criteria is com.qaxperience.yodapp:id/btnSubmit</msg>
<status status="PASS" starttime="20231125 13:46:21.862" endtime="20231125 13:46:22.459"/>
</kw>
<kw name="Wait Until Page Contains" library="AppiumLibrary">
<arg>Oops! Credenciais incorretas.</arg>
<doc>Waits until `text` appears on current page.</doc>
<status status="PASS" starttime="20231125 13:46:22.460" endtime="20231125 13:46:23.050"/>
</kw>
<kw name="Close session" library="base">
<kw name="Close Application" library="AppiumLibrary">
<doc>Closes the current application and also close webdriver session.</doc>
<status status="PASS" starttime="20231125 13:46:23.051" endtime="20231125 13:46:23.475"/>
</kw>
<status status="PASS" starttime="20231125 13:46:23.051" endtime="20231125 13:46:23.475"/>
</kw>
<status status="PASS" starttime="20231125 13:46:00.619" endtime="20231125 13:46:23.476"/>
</test>
<status status="PASS" starttime="20231125 13:45:36.679" endtime="20231125 13:46:23.477"/>
</suite>
<statistics>
<total>
<stat pass="2" fail="0" skip="0">All Tests</stat>
</total>
<tag>
</tag>
<suite>
<stat pass="2" fail="0" skip="0" id="s1" name="Login">Login</stat>
</suite>
</statistics>
<errors>
</errors>
</robot>
